La génération a démarré 24.03.2014 22:37:22.
     1>Projet "C:\Users\quentinwalter\Documents\GitHub\AlgSd_Projet\AlgSd_Projet\AlgSd_Projet.vcxproj" sur le nœud 2 (Build cible(s)).
       Le fichier projet contient ToolsVersion="12.0". Cet ensemble d'outils est inconnu ou manquant (vous pouvez résoudre ce problème en installant la version appropriée de MSBuild), ou la build a peut-être été forcée d'utiliser un ToolsVersion particulier pour des raisons de stratégie. Projet traité comme si ToolsVersion="4.0". Pour plus d'informations, consultez http://go.microsoft.com/fwlink/?LinkId=291333.
     1>ClCompile:
         C:\Program Files (x86)\Microsoft Visual Studio 11.0\VC\bin\CL.exe /c /ZI /nologo /W3 /WX- /Od /Oy- /D WIN32 /D _DEBUG /D _CONSOLE /D _LIB /D _UNICODE /D UNICODE /Gm /EHsc /RTC1 /MDd /GS /fp:precise /Zc:wchar_t /Zc:forScope /Fo"Debug\\" /Fd"Debug\vc110.pdb" /Gd /TC /analyze- /errorReport:prompt fonctions.c
         fonctions.c
     1>c:\users\quentinwalter\documents\github\algsd_projet\algsd_projet\fonctions.c(48): warning C4013: 'insererEtudiant' non défini(e) ; extern retournant int pris par défaut
     1>c:\users\quentinwalter\documents\github\algsd_projet\algsd_projet\fonctions.c(15): warning C4101: 'nouveau' : variable locale non référencée
     1>c:\users\quentinwalter\documents\github\algsd_projet\algsd_projet\fonctions.c(154): warning C4013: 'insererNote' non défini(e) ; extern retournant int pris par défaut
     1>c:\users\quentinwalter\documents\github\algsd_projet\algsd_projet\fonctions.c(199): warning C4013: 'calculerMoyenne' non défini(e) ; extern retournant int pris par défaut
     1>c:\users\quentinwalter\documents\github\algsd_projet\algsd_projet\fonctions.c(199): warning C4244: '=' : conversion de 'int' en 'float', perte possible de données
     1>c:\users\quentinwalter\documents\github\algsd_projet\algsd_projet\fonctions.c(209): warning C4142: redéfinition bénigne du type
     1>c:\users\quentinwalter\documents\github\algsd_projet\algsd_projet\fonctions.c(223): warning C4716: 'genererFichierMoyenne' : doit retourner une valeur
       Link:
         C:\Program Files (x86)\Microsoft Visual Studio 11.0\VC\bin\link.exe /ERRORREPORT:PROMPT /OUT:"C:\Users\quentinwalter\Documents\GitHub\AlgSd_Projet\AlgSd_Projet\Debug\AlgSd_Projet.exe" /INCREMENTAL /NOLOGO kernel32.lib user32.lib gdi32.lib winspool.lib comdlg32.lib advapi32.lib shell32.lib ole32.lib oleaut32.lib uuid.lib odbc32.lib odbccp32.lib /MANIFEST /MANIFESTUAC:"level='asInvoker' uiAccess='false'" /manifest:embed /DEBUG /PDB:"C:\Users\quentinwalter\Documents\GitHub\AlgSd_Projet\AlgSd_Projet\Debug\AlgSd_Projet.pdb" /SUBSYSTEM:CONSOLE /TLBID:1 /DYNAMICBASE /NXCOMPAT /IMPLIB:"C:\Users\quentinwalter\Documents\GitHub\AlgSd_Projet\AlgSd_Projet\Debug\AlgSd_Projet.lib" /MACHINE:X86 Debug\fonctions.obj
         Debug\liste.obj
         Debug\main.obj
         AlgSd_Projet.vcxproj -> C:\Users\quentinwalter\Documents\GitHub\AlgSd_Projet\AlgSd_Projet\Debug\AlgSd_Projet.exe
     1>Génération du projet "C:\Users\quentinwalter\Documents\GitHub\AlgSd_Projet\AlgSd_Projet\AlgSd_Projet.vcxproj" terminée (Build cible(s)).

La génération a réussi.

Temps écoulé 00:00:01.08
